<?xml version="1.0" encoding="UTF-8" ?>
<testsuite tests="8" failures="0" name="TestRunner.Runner" time="0.004" errors="0" skipped="0">
  <properties>
    <property name="java.runtime.name" value="OpenJDK Runtime Environment"/>
    <property name="sun.boot.library.path" value="C:\Program Files\ojdkbuild\java-1.8.0-openjdk-1.8.0.242-1\jre\bin"/>
    <property name="java.vm.version" value="25.242-b08"/>
    <property name="java.vm.vendor" value=""/>
    <property name="maven.multiModuleProjectDirectory" value="D:\Personal\Eclipse\Cucumber\Selenium.GIT.Jenkins"/>
    <property name="java.vendor.url" value="http://java.oracle.com/"/>
    <property name="path.separator" value=";"/>
    <property name="guice.disable.misplaced.annotation.check" value="true"/>
    <property name="java.vm.name" value="OpenJDK 64-Bit Server VM"/>
    <property name="file.encoding.pkg" value="sun.io"/>
    <property name="user.script" value=""/>
    <property name="user.country" value="US"/>
    <property name="sun.java.launcher" value="SUN_STANDARD"/>
    <property name="sun.os.patch.level" value=""/>
    <property name="java.vm.specification.name" value="Java Virtual Machine Specification"/>
    <property name="user.dir" value="D:\Personal\Eclipse\Cucumber\Selenium.GIT.Jenkins"/>
    <property name="java.runtime.version" value="1.8.0_242-b08"/>
    <property name="java.awt.graphicsenv" value="sun.awt.Win32GraphicsEnvironment"/>
    <property name="java.endorsed.dirs" value="C:\Program Files\ojdkbuild\java-1.8.0-openjdk-1.8.0.242-1\jre\lib\endorsed"/>
    <property name="os.arch" value="amd64"/>
    <property name="java.io.tmpdir" value="C:\Users\VIKAS1~1.PAN\AppData\Local\Temp\"/>
    <property name="line.separator" value="
"/>
    <property name="java.vm.specification.vendor" value="Oracle Corporation"/>
    <property name="user.variant" value=""/>
    <property name="os.name" value="Windows 10"/>
    <property name="classworlds.conf" value="D:\apache-maven-3.6.3\apache-maven-3.6.3\bin\..\bin\m2.conf"/>
    <property name="sun.jnu.encoding" value="Cp1252"/>
    <property name="java.library.path" value="C:\Program Files\ojdkbuild\java-1.8.0-openjdk-1.8.0.242-1\bin;C:\Windows\Sun\Java\bin;C:\Windows\system32;C:\Windows;C:\Windows\system32;C:\Windows;C:\Windows\System32\Wbem;C:\Windows\System32\WindowsPowerShell\v1.0\;C:\Windows\System32\OpenSSH\;C:\Program Files\ojdkbuild\java-1.8.0-openjdk-1.8.0.242-1\bin;C:\Program Files\ojdkbuild\java-1.8.0-openjdk-1.8.0.242-1\jre\bin;D:\apache-maven-3.6.3\apache-maven-3.6.3\bin;C:\Users\vikas.1.pandey\AppData\Local\Microsoft\WindowsApps;C:\Users\vikas.1.pandey\AppData\Local\Programs\Git\cmd;."/>
    <property name="maven.conf" value="D:\apache-maven-3.6.3\apache-maven-3.6.3\bin\../conf"/>
    <property name="java.specification.name" value="Java Platform API Specification"/>
    <property name="java.class.version" value="52.0"/>
    <property name="sun.management.compiler" value="HotSpot 64-Bit Tiered Compilers"/>
    <property name="os.version" value="10.0"/>
    <property name="library.jansi.path" value="D:\apache-maven-3.6.3\apache-maven-3.6.3\bin\..\lib\jansi-native"/>
    <property name="user.home" value="C:\Users\vikas.1.pandey"/>
    <property name="user.timezone" value="Asia/Calcutta"/>
    <property name="java.awt.printerjob" value="sun.awt.windows.WPrinterJob"/>
    <property name="java.specification.version" value="1.8"/>
    <property name="file.encoding" value="Cp1252"/>
    <property name="user.name" value="Vikas.1.Pandey"/>
    <property name="java.class.path" value="D:\apache-maven-3.6.3\apache-maven-3.6.3\bin\..\boot\plexus-classworlds-2.6.0.jar"/>
    <property name="java.vm.specification.version" value="1.8"/>
    <property name="sun.arch.data.model" value="64"/>
    <property name="java.home" value="C:\Program Files\ojdkbuild\java-1.8.0-openjdk-1.8.0.242-1\jre"/>
    <property name="sun.java.command" value="org.codehaus.plexus.classworlds.launcher.Launcher clean verify"/>
    <property name="java.specification.vendor" value="Oracle Corporation"/>
    <property name="user.language" value="en"/>
    <property name="awt.toolkit" value="sun.awt.windows.WToolkit"/>
    <property name="java.vm.info" value="mixed mode"/>
    <property name="java.version" value="1.8.0_242"/>
    <property name="java.ext.dirs" value="C:\Program Files\ojdkbuild\java-1.8.0-openjdk-1.8.0.242-1\jre\lib\ext;C:\Windows\Sun\Java\lib\ext"/>
    <property name="sun.boot.class.path" value="C:\Program Files\ojdkbuild\java-1.8.0-openjdk-1.8.0.242-1\jre\lib\resources.jar;C:\Program Files\ojdkbuild\java-1.8.0-openjdk-1.8.0.242-1\jre\lib\rt.jar;C:\Program Files\ojdkbuild\java-1.8.0-openjdk-1.8.0.242-1\jre\lib\sunrsasign.jar;C:\Program Files\ojdkbuild\java-1.8.0-openjdk-1.8.0.242-1\jre\lib\jsse.jar;C:\Program Files\ojdkbuild\java-1.8.0-openjdk-1.8.0.242-1\jre\lib\jce.jar;C:\Program Files\ojdkbuild\java-1.8.0-openjdk-1.8.0.242-1\jre\lib\charsets.jar;C:\Program Files\ojdkbuild\java-1.8.0-openjdk-1.8.0.242-1\jre\lib\jfr.jar;C:\Program Files\ojdkbuild\java-1.8.0-openjdk-1.8.0.242-1\jre\classes"/>
    <property name="sun.stderr.encoding" value="cp850"/>
    <property name="java.vendor" value="Oracle Corporation"/>
    <property name="maven.home" value="D:\apache-maven-3.6.3\apache-maven-3.6.3\bin\.."/>
    <property name="file.separator" value="\"/>
    <property name="java.vendor.url.bug" value="http://bugreport.sun.com/bugreport/"/>
    <property name="sun.cpu.endian" value="little"/>
    <property name="sun.io.unicode.encoding" value="UnicodeLittle"/>
    <property name="sun.stdout.encoding" value="cp850"/>
    <property name="sun.desktop" value="windows"/>
    <property name="sun.cpu.isalist" value="amd64"/>
  </properties>
  <testcase classname="Scenario: Fill the firts section of the form" name="Given open the URL of the application" time="0.003"/>
  <testcase classname="Scenario: Fill the firts section of the form" name="When Enter the details of the first section" time="0"/>
  <testcase classname="Scenario: Fill the firts section of the form" name="Then Values should br entered" time="0"/>
  <testcase classname="Scenario: Fill the firts section of the form" name="Scenario: Fill the firts section of the form" time="0.001"/>
  <testcase classname="Scenario: Fill the second section of the form" name="Given open the URL of the application" time="0"/>
  <testcase classname="Scenario: Fill the second section of the form" name="When Enter the details of the second section" time="0"/>
  <testcase classname="Scenario: Fill the second section of the form" name="Then Values should br entered" time="0"/>
  <testcase classname="Scenario: Fill the second section of the form" name="Scenario: Fill the second section of the form" time="0"/>
</testsuite>