<?xml version="1.0" encoding="UTF-8"?>
<!-- Generated by org.testng.reporters.JUnitReportReporter -->
<testsuite skipped="0" hostname="LAP-TZ-0X92061" name="SeleniumMain.LaunchBrowser" tests="1" failures="0" timestamp="16 Feb 2022 16:06:36 GMT" time="10.066" errors="0">
  <testcase name="openBrowser" time="10.066" classname="SeleniumMain.LaunchBrowser"/>
</testsuite> <!-- SeleniumMain.LaunchBrowser -->
